android-app/app/build/intermediates/manifest_merge_blame_file/release/manifest-merger-blame-release-report.txt
1<?xml version="1.0" encoding="utf-8"?>
2<manifest xmlns:android="http://schemas.android.com/apk/res/android"
3    package="com.qrphotoshare"
4    android:versionCode="5"
5    android:versionName="1.0.1" >
6
7    <uses-sdk
8        android:minSdkVersion="24"
9        android:targetSdkVersion="35" />
10
11    <queries>
11-->src\main\AndroidManifest.xml:4:5-10:15
12        <package android:name="com.whatsapp" />
12-->src\main\AndroidManifest.xml:5:9-48
12-->src\main\AndroidManifest.xml:5:18-45
13        <package android:name="com.instagram.android" />
13-->src\main\AndroidManifest.xml:6:9-57
13-->src\main\AndroidManifest.xml:6:18-54
14        <package android:name="org.telegram.messenger" />
14-->src\main\AndroidManifest.xml:7:9-58
14-->src\main\AndroidManifest.xml:7:18-55
15        <package android:name="com.facebook.orca" />
15-->src\main\AndroidManifest.xml:8:9-53
15-->src\main\AndroidManifest.xml:8:18-50
16        <package android:name="com.snapchat.android" />
16-->src\main\AndroidManifest.xml:9:9-56
16-->src\main\AndroidManifest.xml:9:18-53
17        <!-- For browser content -->
18        <intent>
18-->[com.google.android.gms:play-services-ads-lite:22.5.0] AndroidManifest.xml:38:9-44:18
19            <action android:name="android.intent.action.VIEW" />
19-->[com.google.android.gms:play-services-ads-lite:22.5.0] AndroidManifest.xml:39:13-65
19-->[com.google.android.gms:play-services-ads-lite:22.5.0] AndroidManifest.xml:39:21-62
20
21            <category android:name="android.intent.category.BROWSABLE" />
21-->[com.google.android.gms:play-services-ads-lite:22.5.0] AndroidManifest.xml:41:13-74
21-->[com.google.android.gms:play-services-ads-lite:22.5.0] AndroidManifest.xml:41:23-71
22
23            <data android:scheme="https" />
23-->[com.google.android.gms:play-services-ads-lite:22.5.0] AndroidManifest.xml:43:13-44
23-->[com.google.android.gms:play-services-ads-lite:22.5.0] AndroidManifest.xml:43:19-41
24        </intent> <!-- End of browser content -->
25        <!-- For CustomTabsService -->
26        <intent>
26-->[com.google.android.gms:play-services-ads-lite:22.5.0] AndroidManifest.xml:47:9-49:18
27            <action android:name="android.support.customtabs.action.CustomTabsService" />
27-->[com.google.android.gms:play-services-ads-lite:22.5.0] AndroidManifest.xml:48:13-90
27-->[com.google.android.gms:play-services-ads-lite:22.5.0] AndroidManifest.xml:48:21-87
28        </intent>
29    </queries>
30
31    <!-- Requires Network -->
32    <uses-permission android:name="android.permission.INTERNET" />
32-->src\main\AndroidManifest.xml:13:5-67
32-->src\main\AndroidManifest.xml:13:22-64
33    <uses-permission android:name="android.permission.ACCESS_NETWORK_STATE" />
33-->src\main\AndroidManifest.xml:14:5-79
33-->src\main\AndroidManifest.xml:14:22-76
34    <uses-permission android:name="com.google.android.gms.permission.AD_ID" />
34-->src\main\AndroidManifest.xml:15:5-78
34-->src\main\AndroidManifest.xml:15:22-76
35
36    <!--
37         For picking photos, Android 13+ Photo Picker doesn't strictly need these, 
38         but we may need them if backing up to earlier versions or reading full metadata.
39    -->
40    <uses-permission
40-->src\main\AndroidManifest.xml:19:5-107
41        android:name="android.permission.READ_EXTERNAL_STORAGE"
41-->src\main\AndroidManifest.xml:19:22-77
42        android:maxSdkVersion="32" />
42-->src\main\AndroidManifest.xml:19:78-104
43    <uses-permission
43-->src\main\AndroidManifest.xml:20:5-108
44        android:name="android.permission.WRITE_EXTERNAL_STORAGE"
44-->src\main\AndroidManifest.xml:20:22-78
45        android:maxSdkVersion="28" />
45-->src\main\AndroidManifest.xml:20:79-105
46    <uses-permission android:name="android.permission.READ_MEDIA_IMAGES" />
46-->src\main\AndroidManifest.xml:21:5-76
46-->src\main\AndroidManifest.xml:21:22-73
47    <uses-permission android:name="android.permission.POST_NOTIFICATIONS" />
47-->src\main\AndroidManifest.xml:22:5-77
47-->src\main\AndroidManifest.xml:22:22-74
48    <uses-permission android:name="android.permission.ACCESS_ADSERVICES_AD_ID" />
48-->[com.google.android.gms:play-services-ads-lite:22.5.0] AndroidManifest.xml:27:5-82
48-->[com.google.android.gms:play-services-ads-lite:22.5.0] AndroidManifest.xml:27:22-79
49    <uses-permission android:name="android.permission.ACCESS_ADSERVICES_ATTRIBUTION" />
49-->[com.google.android.gms:play-services-ads-lite:22.5.0] AndroidManifest.xml:28:5-88
49-->[com.google.android.gms:play-services-ads-lite:22.5.0] AndroidManifest.xml:28:22-85
50    <uses-permission android:name="android.permission.ACCESS_ADSERVICES_TOPICS" />
50-->[com.google.android.gms:play-services-ads-lite:22.5.0] AndroidManifest.xml:29:5-83
50-->[com.google.android.gms:play-services-ads-lite:22.5.0] AndroidManifest.xml:29:22-80
51    <uses-permission android:name="android.permission.WAKE_LOCK" />
51-->[com.google.android.gms:play-services-measurement-sdk-api:20.1.2] AndroidManifest.xml:25:5-68
51-->[com.google.android.gms:play-services-measurement-sdk-api:20.1.2] AndroidManifest.xml:25:22-65
52    <uses-permission android:name="android.permission.FOREGROUND_SERVICE" />
52-->[androidx.work:work-runtime:2.7.0] AndroidManifest.xml:28:5-77
52-->[androidx.work:work-runtime:2.7.0] AndroidManifest.xml:28:22-74
53
54    <permission
54-->[androidx.core:core:1.12.0] AndroidManifest.xml:22:5-24:47
55        android:name="com.qrphotoshare.DYNAMIC_RECEIVER_NOT_EXPORTED_PERMISSION"
55-->[androidx.core:core:1.12.0] AndroidManifest.xml:23:9-81
56        android:protectionLevel="signature" />
56-->[androidx.core:core:1.12.0] AndroidManifest.xml:24:9-44
57
58    <uses-permission android:name="com.qrphotoshare.DYNAMIC_RECEIVER_NOT_EXPORTED_PERMISSION" />
58-->[androidx.core:core:1.12.0] AndroidManifest.xml:26:5-97
58-->[androidx.core:core:1.12.0] AndroidManifest.xml:26:22-94
59
60    <application
60-->src\main\AndroidManifest.xml:24:5-66:19
61        android:allowBackup="true"
61-->src\main\AndroidManifest.xml:25:9-35
62        android:appComponentFactory="androidx.core.app.CoreComponentFactory"
62-->[androidx.core:core:1.12.0] AndroidManifest.xml:28:18-86
63        android:extractNativeLibs="false"
64        android:icon="@mipmap/ic_launcher"
64-->src\main\AndroidManifest.xml:26:9-43
65        android:label="@string/app_name"
65-->src\main\AndroidManifest.xml:27:9-41
66        android:roundIcon="@mipmap/ic_launcher_round"
66-->src\main\AndroidManifest.xml:28:9-54
67        android:supportsRtl="true"
67-->src\main\AndroidManifest.xml:29:9-35
68        android:theme="@style/Theme.QRPhotoShare"
68-->src\main\AndroidManifest.xml:30:9-50
69        android:usesCleartextTraffic="false" >
69-->src\main\AndroidManifest.xml:31:9-45
70
71        <!-- Sample AdMob App ID for testing -->
72        <meta-data
72-->src\main\AndroidManifest.xml:34:9-36:69
73            android:name="com.google.android.gms.ads.APPLICATION_ID"
73-->src\main\AndroidManifest.xml:35:13-69
74            android:value="ca-app-pub-8703883257933057~7463484900" />
74-->src\main\AndroidManifest.xml:36:13-67
75
76        <activity
76-->src\main\AndroidManifest.xml:38:9-46:20
77            android:name="com.qrphotoshare.SplashActivity"
77-->src\main\AndroidManifest.xml:39:13-43
78            android:exported="true"
78-->src\main\AndroidManifest.xml:40:13-36
79            android:theme="@style/Theme.QRPhotoShare" >
79-->src\main\AndroidManifest.xml:41:13-54
80            <intent-filter>
80-->src\main\AndroidManifest.xml:42:13-45:29
81                <action android:name="android.intent.action.MAIN" />
81-->src\main\AndroidManifest.xml:43:17-69
81-->src\main\AndroidManifest.xml:43:25-66
82
83                <category android:name="android.intent.category.LAUNCHER" />
83-->src\main\AndroidManifest.xml:44:17-77
83-->src\main\AndroidManifest.xml:44:27-74
84            </intent-filter>
85        </activity>
86        <activity
86-->src\main\AndroidManifest.xml:48:9-50:39
87            android:name="com.qrphotoshare.MainActivity"
87-->src\main\AndroidManifest.xml:49:13-41
88            android:exported="true" />
88-->src\main\AndroidManifest.xml:50:13-36
89        <activity
89-->src\main\AndroidManifest.xml:52:9-54:40
90            android:name="com.qrphotoshare.ResultActivity"
90-->src\main\AndroidManifest.xml:53:13-43
91            android:exported="false" />
91-->src\main\AndroidManifest.xml:54:13-37
92
93        <provider
94            android:name="androidx.core.content.FileProvider"
94-->src\main\AndroidManifest.xml:57:13-62
95            android:authorities="com.qrphotoshare.fileprovider"
95-->src\main\AndroidManifest.xml:58:13-64
96            android:exported="false"
96-->src\main\AndroidManifest.xml:59:13-37
97            android:grantUriPermissions="true" >
97-->src\main\AndroidManifest.xml:60:13-47
98            <meta-data
98-->src\main\AndroidManifest.xml:61:13-63:54
99                android:name="android.support.FILE_PROVIDER_PATHS"
99-->src\main\AndroidManifest.xml:62:17-67
100                android:resource="@xml/file_paths" />
100-->src\main\AndroidManifest.xml:63:17-51
101        </provider>
102
103        <!-- Include the AdActivity and InAppPurchaseActivity configChanges and themes. -->
104        <activity
104-->[com.google.android.gms:play-services-ads-lite:22.5.0] AndroidManifest.xml:56:9-61:43
105            android:name="com.google.android.gms.ads.AdActivity"
105-->[com.google.android.gms:play-services-ads-lite:22.5.0] AndroidManifest.xml:57:13-65
106            android:configChanges="keyboard|keyboardHidden|orientation|screenLayout|uiMode|screenSize|smallestScreenSize"
106-->[com.google.android.gms:play-services-ads-lite:22.5.0] AndroidManifest.xml:58:13-122
107            android:exported="false"
107-->[com.google.android.gms:play-services-ads-lite:22.5.0] AndroidManifest.xml:59:13-37
108            android:theme="@android:style/Theme.Translucent" />
108-->[com.google.android.gms:play-services-ads-lite:22.5.0] AndroidManifest.xml:60:13-61
109
110        <provider
110-->[com.google.android.gms:play-services-ads-lite:22.5.0] AndroidManifest.xml:63:9-68:43
111            android:name="com.google.android.gms.ads.MobileAdsInitProvider"
111-->[com.google.android.gms:play-services-ads-lite:22.5.0] AndroidManifest.xml:64:13-76
112            android:authorities="com.qrphotoshare.mobileadsinitprovider"
112-->[com.google.android.gms:play-services-ads-lite:22.5.0] AndroidManifest.xml:65:13-73
113            android:exported="false"
113-->[com.google.android.gms:play-services-ads-lite:22.5.0] AndroidManifest.xml:66:13-37
114            android:initOrder="100" />
114-->[com.google.android.gms:play-services-ads-lite:22.5.0] AndroidManifest.xml:67:13-36
115
116        <service
116-->[com.google.android.gms:play-services-ads-lite:22.5.0] AndroidManifest.xml:70:9-74:43
117            android:name="com.google.android.gms.ads.AdService"
117-->[com.google.android.gms:play-services-ads-lite:22.5.0] AndroidManifest.xml:71:13-64
118            android:enabled="true"
118-->[com.google.android.gms:play-services-ads-lite:22.5.0] AndroidManifest.xml:72:13-35
119            android:exported="false" />
119-->[com.google.android.gms:play-services-ads-lite:22.5.0] AndroidManifest.xml:73:13-37
120
121        <activity
121-->[com.google.android.gms:play-services-ads-lite:22.5.0] AndroidManifest.xml:76:9-80:43
122            android:name="com.google.android.gms.ads.OutOfContextTestingActivity"
122-->[com.google.android.gms:play-services-ads-lite:22.5.0] AndroidManifest.xml:77:13-82
123            android:configChanges="keyboard|keyboardHidden|orientation|screenLayout|uiMode|screenSize|smallestScreenSize"
123-->[com.google.android.gms:play-services-ads-lite:22.5.0] AndroidManifest.xml:78:13-122
124            android:exported="false" />
124-->[com.google.android.gms:play-services-ads-lite:22.5.0] AndroidManifest.xml:79:13-37
125
126        <property
126-->[com.google.android.gms:play-services-ads-lite:22.5.0] AndroidManifest.xml:82:9-84:62
127            android:name="android.adservices.AD_SERVICES_CONFIG"
127-->[com.google.android.gms:play-services-ads-lite:22.5.0] AndroidManifest.xml:83:13-65
128            android:resource="@xml/gma_ad_services_config" />
128-->[com.google.android.gms:play-services-ads-lite:22.5.0] AndroidManifest.xml:84:13-59
129
130        <activity
130-->[com.google.android.gms:play-services-base:18.0.0] AndroidManifest.xml:20:9-22:45
131            android:name="com.google.android.gms.common.api.GoogleApiActivity"
131-->[com.google.android.gms:play-services-base:18.0.0] AndroidManifest.xml:20:19-85
132            android:exported="false"
132-->[com.google.android.gms:play-services-base:18.0.0] AndroidManifest.xml:22:19-43
133            android:theme="@android:style/Theme.Translucent.NoTitleBar" />
133-->[com.google.android.gms:play-services-base:18.0.0] AndroidManifest.xml:21:19-78
134
135        <meta-data
135-->[com.google.android.gms:play-services-basement:18.2.0] AndroidManifest.xml:21:9-23:69
136            android:name="com.google.android.gms.version"
136-->[com.google.android.gms:play-services-basement:18.2.0] AndroidManifest.xml:22:13-58
137            android:value="@integer/google_play_services_version" />
137-->[com.google.android.gms:play-services-basement:18.2.0] AndroidManifest.xml:23:13-66
138
139        <uses-library
139-->[androidx.privacysandbox.ads:ads-adservices:1.0.0-beta05] AndroidManifest.xml:23:9-25:40
140            android:name="android.ext.adservices"
140-->[androidx.privacysandbox.ads:ads-adservices:1.0.0-beta05] AndroidManifest.xml:24:13-50
141            android:required="false" />
141-->[androidx.privacysandbox.ads:ads-adservices:1.0.0-beta05] AndroidManifest.xml:25:13-37
142
143        <provider
143-->[androidx.emoji2:emoji2:1.2.0] AndroidManifest.xml:24:9-32:20
144            android:name="androidx.startup.InitializationProvider"
144-->[androidx.emoji2:emoji2:1.2.0] AndroidManifest.xml:25:13-67
145            android:authorities="com.qrphotoshare.androidx-startup"
145-->[androidx.emoji2:emoji2:1.2.0] AndroidManifest.xml:26:13-68
146            android:exported="false" >
146-->[androidx.emoji2:emoji2:1.2.0] AndroidManifest.xml:27:13-37
147            <meta-data
147-->[androidx.emoji2:emoji2:1.2.0] AndroidManifest.xml:29:13-31:52
148                android:name="androidx.emoji2.text.EmojiCompatInitializer"
148-->[androidx.emoji2:emoji2:1.2.0] AndroidManifest.xml:30:17-75
149                android:value="androidx.startup" />
149-->[androidx.emoji2:emoji2:1.2.0] AndroidManifest.xml:31:17-49
150            <meta-data
150-->[androidx.work:work-runtime:2.7.0] AndroidManifest.xml:36:13-38:52
151                android:name="androidx.work.WorkManagerInitializer"
151-->[androidx.work:work-runtime:2.7.0] AndroidManifest.xml:37:17-68
152                android:value="androidx.startup" />
152-->[androidx.work:work-runtime:2.7.0] AndroidManifest.xml:38:17-49
153            <meta-data
153-->[androidx.lifecycle:lifecycle-process:2.6.2] AndroidManifest.xml:29:13-31:52
154                android:name="androidx.lifecycle.ProcessLifecycleInitializer"
154-->[androidx.lifecycle:lifecycle-process:2.6.2] AndroidManifest.xml:30:17-78
155                android:value="androidx.startup" />
155-->[androidx.lifecycle:lifecycle-process:2.6.2] AndroidManifest.xml:31:17-49
156            <meta-data
156-->[androidx.profileinstaller:profileinstaller:1.3.1] AndroidManifest.xml:29:13-31:52
157                android:name="androidx.profileinstaller.ProfileInstallerInitializer"
157-->[androidx.profileinstaller:profileinstaller:1.3.1] AndroidManifest.xml:30:17-85
158                android:value="androidx.startup" />
158-->[androidx.profileinstaller:profileinstaller:1.3.1] AndroidManifest.xml:31:17-49
159        </provider>
160
161        <service
161-->[androidx.work:work-runtime:2.7.0] AndroidManifest.xml:41:9-46:35
162            android:name="androidx.work.impl.background.systemalarm.SystemAlarmService"
162-->[androidx.work:work-runtime:2.7.0] AndroidManifest.xml:42:13-88
163            android:directBootAware="false"
163-->[androidx.work:work-runtime:2.7.0] AndroidManifest.xml:43:13-44
164            android:enabled="@bool/enable_system_alarm_service_default"
164-->[androidx.work:work-runtime:2.7.0] AndroidManifest.xml:44:13-72
165            android:exported="false" />
165-->[androidx.work:work-runtime:2.7.0] AndroidManifest.xml:45:13-37
166        <service
166-->[androidx.work:work-runtime:2.7.0] AndroidManifest.xml:47:9-53:35
167            android:name="androidx.work.impl.background.systemjob.SystemJobService"
167-->[androidx.work:work-runtime:2.7.0] AndroidManifest.xml:48:13-84
168            android:directBootAware="false"
168-->[androidx.work:work-runtime:2.7.0] AndroidManifest.xml:49:13-44
169            android:enabled="@bool/enable_system_job_service_default"
169-->[androidx.work:work-runtime:2.7.0] AndroidManifest.xml:50:13-70
170            android:exported="true"
170-->[androidx.work:work-runtime:2.7.0] AndroidManifest.xml:51:13-36
171            android:permission="android.permission.BIND_JOB_SERVICE" />
171-->[androidx.work:work-runtime:2.7.0] AndroidManifest.xml:52:13-69
172        <service
172-->[androidx.work:work-runtime:2.7.0] AndroidManifest.xml:54:9-59:35
173            android:name="androidx.work.impl.foreground.SystemForegroundService"
173-->[androidx.work:work-runtime:2.7.0] AndroidManifest.xml:55:13-81
174            android:directBootAware="false"
174-->[androidx.work:work-runtime:2.7.0] AndroidManifest.xml:56:13-44
175            android:enabled="@bool/enable_system_foreground_service_default"
175-->[androidx.work:work-runtime:2.7.0] AndroidManifest.xml:57:13-77
176            android:exported="false" />
176-->[androidx.work:work-runtime:2.7.0] AndroidManifest.xml:58:13-37
177
178        <receiver
178-->[androidx.work:work-runtime:2.7.0] AndroidManifest.xml:61:9-66:35
179            android:name="androidx.work.impl.utils.ForceStopRunnable$BroadcastReceiver"
179-->[androidx.work:work-runtime:2.7.0] AndroidManifest.xml:62:13-88
180            android:directBootAware="false"
180-->[androidx.work:work-runtime:2.7.0] AndroidManifest.xml:63:13-44
181            android:enabled="true"
181-->[androidx.work:work-runtime:2.7.0] AndroidManifest.xml:64:13-35
182            android:exported="false" />
182-->[androidx.work:work-runtime:2.7.0] AndroidManifest.xml:65:13-37
183        <receiver
183-->[androidx.work:work-runtime:2.7.0] AndroidManifest.xml:67:9-77:20
184            android:name="androidx.work.impl.background.systemalarm.ConstraintProxy$BatteryChargingProxy"
184-->[androidx.work:work-runtime:2.7.0] AndroidManifest.xml:68:13-106
185            android:directBootAware="false"
185-->[androidx.work:work-runtime:2.7.0] AndroidManifest.xml:69:13-44
186            android:enabled="false"
186-->[androidx.work:work-runtime:2.7.0] AndroidManifest.xml:70:13-36
187            android:exported="false" >
187-->[androidx.work:work-runtime:2.7.0] AndroidManifest.xml:71:13-37
188            <intent-filter>
188-->[androidx.work:work-runtime:2.7.0] AndroidManifest.xml:73:13-76:29
189                <action android:name="android.intent.action.ACTION_POWER_CONNECTED" />
189-->[androidx.work:work-runtime:2.7.0] AndroidManifest.xml:74:17-87
189-->[androidx.work:work-runtime:2.7.0] AndroidManifest.xml:74:25-84
190                <action android:name="android.intent.action.ACTION_POWER_DISCONNECTED" />
190-->[androidx.work:work-runtime:2.7.0] AndroidManifest.xml:75:17-90
190-->[androidx.work:work-runtime:2.7.0] AndroidManifest.xml:75:25-87
191            </intent-filter>
192        </receiver>
193        <receiver
193-->[androidx.work:work-runtime:2.7.0] AndroidManifest.xml:78:9-88:20
194            android:name="androidx.work.impl.background.systemalarm.ConstraintProxy$BatteryNotLowProxy"
194-->[androidx.work:work-runtime:2.7.0] AndroidManifest.xml:79:13-104
195            android:directBootAware="false"
195-->[androidx.work:work-runtime:2.7.0] AndroidManifest.xml:80:13-44
196            android:enabled="false"
196-->[androidx.work:work-runtime:2.7.0] AndroidManifest.xml:81:13-36
197            android:exported="false" >
197-->[androidx.work:work-runtime:2.7.0] AndroidManifest.xml:82:13-37
198            <intent-filter>
198-->[androidx.work:work-runtime:2.7.0] AndroidManifest.xml:84:13-87:29
199                <action android:name="android.intent.action.BATTERY_OKAY" />
199-->[androidx.work:work-runtime:2.7.0] AndroidManifest.xml:85:17-77
199-->[androidx.work:work-runtime:2.7.0] AndroidManifest.xml:85:25-74
200                <action android:name="android.intent.action.BATTERY_LOW" />
200-->[androidx.work:work-runtime:2.7.0] AndroidManifest.xml:86:17-76
200-->[androidx.work:work-runtime:2.7.0] AndroidManifest.xml:86:25-73
201            </intent-filter>
202        </receiver>
203        <receiver
203-->[androidx.work:work-runtime:2.7.0] AndroidManifest.xml:89:9-99:20
204            android:name="androidx.work.impl.background.systemalarm.ConstraintProxy$StorageNotLowProxy"
204-->[androidx.work:work-runtime:2.7.0] AndroidManifest.xml:90:13-104
205            android:directBootAware="false"
205-->[androidx.work:work-runtime:2.7.0] AndroidManifest.xml:91:13-44
206            android:enabled="false"
206-->[androidx.work:work-runtime:2.7.0] AndroidManifest.xml:92:13-36
207            android:exported="false" >
207-->[androidx.work:work-runtime:2.7.0] AndroidManifest.xml:93:13-37
208            <intent-filter>
208-->[androidx.work:work-runtime:2.7.0] AndroidManifest.xml:95:13-98:29
209                <action android:name="android.intent.action.DEVICE_STORAGE_LOW" />
209-->[androidx.work:work-runtime:2.7.0] AndroidManifest.xml:96:17-83
209-->[androidx.work:work-runtime:2.7.0] AndroidManifest.xml:96:25-80
210                <action android:name="android.intent.action.DEVICE_STORAGE_OK" />
210-->[androidx.work:work-runtime:2.7.0] AndroidManifest.xml:97:17-82
210-->[androidx.work:work-runtime:2.7.0] AndroidManifest.xml:97:25-79
211            </intent-filter>
212        </receiver>
213        <receiver
213-->[androidx.work:work-runtime:2.7.0] AndroidManifest.xml:100:9-109:20
214            android:name="androidx.work.impl.background.systemalarm.ConstraintProxy$NetworkStateProxy"
214-->[androidx.work:work-runtime:2.7.0] AndroidManifest.xml:101:13-103
215            android:directBootAware="false"
215-->[androidx.work:work-runtime:2.7.0] AndroidManifest.xml:102:13-44
216            android:enabled="false"
216-->[androidx.work:work-runtime:2.7.0] AndroidManifest.xml:103:13-36
217            android:exported="false" >
217-->[androidx.work:work-runtime:2.7.0] AndroidManifest.xml:104:13-37
218            <intent-filter>
218-->[androidx.work:work-runtime:2.7.0] AndroidManifest.xml:106:13-108:29
219                <action android:name="android.net.conn.CONNECTIVITY_CHANGE" />
219-->[androidx.work:work-runtime:2.7.0] AndroidManifest.xml:107:17-79
219-->[androidx.work:work-runtime:2.7.0] AndroidManifest.xml:107:25-76
220            </intent-filter>
221        </receiver>
222        <receiver
222-->[androidx.work:work-runtime:2.7.0] AndroidManifest.xml:110:9-121:20
223            android:name="androidx.work.impl.background.systemalarm.RescheduleReceiver"
223-->[androidx.work:work-runtime:2.7.0] AndroidManifest.xml:111:13-88
224            android:directBootAware="false"
224-->[androidx.work:work-runtime:2.7.0] AndroidManifest.xml:112:13-44
225            android:enabled="false"
225-->[androidx.work:work-runtime:2.7.0] AndroidManifest.xml:113:13-36
226            android:exported="false" >
226-->[androidx.work:work-runtime:2.7.0] AndroidManifest.xml:114:13-37
227            <intent-filter>
227-->[androidx.work:work-runtime:2.7.0] AndroidManifest.xml:116:13-120:29
228                <action android:name="android.intent.action.BOOT_COMPLETED" />
228-->[androidx.work:work-runtime:2.7.0] AndroidManifest.xml:117:17-79
228-->[androidx.work:work-runtime:2.7.0] AndroidManifest.xml:117:25-76
229                <action android:name="android.intent.action.TIME_SET" />
229-->[androidx.work:work-runtime:2.7.0] AndroidManifest.xml:118:17-73
229-->[androidx.work:work-runtime:2.7.0] AndroidManifest.xml:118:25-70
230                <action android:name="android.intent.action.TIMEZONE_CHANGED" />
230-->[androidx.work:work-runtime:2.7.0] AndroidManifest.xml:119:17-81
230-->[androidx.work:work-runtime:2.7.0] AndroidManifest.xml:119:25-78
231            </intent-filter>
232        </receiver>
233        <receiver
233-->[androidx.work:work-runtime:2.7.0] AndroidManifest.xml:122:9-131:20
234            android:name="androidx.work.impl.background.systemalarm.ConstraintProxyUpdateReceiver"
234-->[androidx.work:work-runtime:2.7.0] AndroidManifest.xml:123:13-99
235            android:directBootAware="false"
235-->[androidx.work:work-runtime:2.7.0] AndroidManifest.xml:124:13-44
236            android:enabled="@bool/enable_system_alarm_service_default"
236-->[androidx.work:work-runtime:2.7.0] AndroidManifest.xml:125:13-72
237            android:exported="false" >
237-->[androidx.work:work-runtime:2.7.0] AndroidManifest.xml:126:13-37
238            <intent-filter>
238-->[androidx.work:work-runtime:2.7.0] AndroidManifest.xml:128:13-130:29
239                <action android:name="androidx.work.impl.background.systemalarm.UpdateProxies" />
239-->[androidx.work:work-runtime:2.7.0] AndroidManifest.xml:129:17-98
239-->[androidx.work:work-runtime:2.7.0] AndroidManifest.xml:129:25-95
240            </intent-filter>
241        </receiver>
242        <receiver
242-->[androidx.work:work-runtime:2.7.0] AndroidManifest.xml:132:9-142:20
243            android:name="androidx.work.impl.diagnostics.DiagnosticsReceiver"
243-->[androidx.work:work-runtime:2.7.0] AndroidManifest.xml:133:13-78
244            android:directBootAware="false"
244-->[androidx.work:work-runtime:2.7.0] AndroidManifest.xml:134:13-44
245            android:enabled="true"
245-->[androidx.work:work-runtime:2.7.0] AndroidManifest.xml:135:13-35
246            android:exported="true"
246-->[androidx.work:work-runtime:2.7.0] AndroidManifest.xml:136:13-36
247            android:permission="android.permission.DUMP" >
247-->[androidx.work:work-runtime:2.7.0] AndroidManifest.xml:137:13-57
248            <intent-filter>
248-->[androidx.work:work-runtime:2.7.0] AndroidManifest.xml:139:13-141:29
249                <action android:name="androidx.work.diagnostics.REQUEST_DIAGNOSTICS" />
249-->[androidx.work:work-runtime:2.7.0] AndroidManifest.xml:140:17-88
249-->[androidx.work:work-runtime:2.7.0] AndroidManifest.xml:140:25-85
250            </intent-filter>
251        </receiver>
252        <receiver
252-->[androidx.profileinstaller:profileinstaller:1.3.1] AndroidManifest.xml:34:9-52:20
253            android:name="androidx.profileinstaller.ProfileInstallReceiver"
253-->[androidx.profileinstaller:profileinstaller:1.3.1] AndroidManifest.xml:35:13-76
254            android:directBootAware="false"
254-->[androidx.profileinstaller:profileinstaller:1.3.1] AndroidManifest.xml:36:13-44
255            android:enabled="true"
255-->[androidx.profileinstaller:profileinstaller:1.3.1] AndroidManifest.xml:37:13-35
256            android:exported="true"
256-->[androidx.profileinstaller:profileinstaller:1.3.1] AndroidManifest.xml:38:13-36
257            android:permission="android.permission.DUMP" >
257-->[androidx.profileinstaller:profileinstaller:1.3.1] AndroidManifest.xml:39:13-57
258            <intent-filter>
258-->[androidx.profileinstaller:profileinstaller:1.3.1] AndroidManifest.xml:40:13-42:29
259                <action android:name="androidx.profileinstaller.action.INSTALL_PROFILE" />
259-->[androidx.profileinstaller:profileinstaller:1.3.1] AndroidManifest.xml:41:17-91
259-->[androidx.profileinstaller:profileinstaller:1.3.1] AndroidManifest.xml:41:25-88
260            </intent-filter>
261            <intent-filter>
261-->[androidx.profileinstaller:profileinstaller:1.3.1] AndroidManifest.xml:43:13-45:29
262                <action android:name="androidx.profileinstaller.action.SKIP_FILE" />
262-->[androidx.profileinstaller:profileinstaller:1.3.1] AndroidManifest.xml:44:17-85
262-->[androidx.profileinstaller:profileinstaller:1.3.1] AndroidManifest.xml:44:25-82
263            </intent-filter>
264            <intent-filter>
264-->[androidx.profileinstaller:profileinstaller:1.3.1] AndroidManifest.xml:46:13-48:29
265                <action android:name="androidx.profileinstaller.action.SAVE_PROFILE" />
265-->[androidx.profileinstaller:profileinstaller:1.3.1] AndroidManifest.xml:47:17-88
265-->[androidx.profileinstaller:profileinstaller:1.3.1] AndroidManifest.xml:47:25-85
266            </intent-filter>
267            <intent-filter>
267-->[androidx.profileinstaller:profileinstaller:1.3.1] AndroidManifest.xml:49:13-51:29
268                <action android:name="androidx.profileinstaller.action.BENCHMARK_OPERATION" />
268-->[androidx.profileinstaller:profileinstaller:1.3.1] AndroidManifest.xml:50:17-95
268-->[androidx.profileinstaller:profileinstaller:1.3.1] AndroidManifest.xml:50:25-92
269            </intent-filter>
270        </receiver>
271
272        <service
272-->[androidx.room:room-runtime:2.2.5] AndroidManifest.xml:25:9-28:40
273            android:name="androidx.room.MultiInstanceInvalidationService"
273-->[androidx.room:room-runtime:2.2.5] AndroidManifest.xml:26:13-74
274            android:directBootAware="true"
274-->[androidx.room:room-runtime:2.2.5] AndroidManifest.xml:27:13-43
275            android:exported="false" />
275-->[androidx.room:room-runtime:2.2.5] AndroidManifest.xml:28:13-37
276    </application>
277
278</manifest>